[debug] [2025-12-11T05:40:03.014Z] ----------------------------------------------------------------------
[debug] [2025-12-11T05:40:03.077Z] Command:       C:\Program Files\nodejs\node.exe C:\Users\HP\AppData\Roaming\npm\node_modules\firebase-tools\lib\bin\firebase.js projects:list --json
[debug] [2025-12-11T05:40:03.078Z] CLI Version:   13.11.3
[debug] [2025-12-11T05:40:03.078Z] Platform:      win32
[debug] [2025-12-11T05:40:03.079Z] Node Version:  v22.14.0
[debug] [2025-12-11T05:40:03.080Z] Time:          Thu Dec 11 2025 11:40:03 GMT+0600 (Bangladesh Standard Time)
[debug] [2025-12-11T05:40:03.081Z] ----------------------------------------------------------------------
[debug] 
[debug] [2025-12-11T05:40:03.259Z] > command requires scopes: ["email","openid","https://www.googleapis.com/auth/cloudplatformprojects.readonly","https://www.googleapis.com/auth/firebase","https://www.googleapis.com/auth/cloud-platform"]
[debug] [2025-12-11T05:40:03.259Z] > authorizing via signed-in user (shuvochandra999@gmail.com)
[debug] [2025-12-11T05:40:03.269Z] > refreshing access token with scopes: []
[debug] [2025-12-11T05:40:03.274Z] >>> [apiv2][query] POST https://www.googleapis.com/oauth2/v3/token [none]
[debug] [2025-12-11T05:40:03.274Z] >>> [apiv2][body] POST https://www.googleapis.com/oauth2/v3/token [omitted]
[debug] [2025-12-11T05:40:03.684Z] <<< [apiv2][status] POST https://www.googleapis.com/oauth2/v3/token 400
[debug] [2025-12-11T05:40:03.684Z] <<< [apiv2][body] POST https://www.googleapis.com/oauth2/v3/token [omitted]
[debug] [2025-12-11T05:40:03.686Z] >>> [apiv2][query] GET https://firebase.googleapis.com/v1beta1/projects pageSize=1000
[debug] [2025-12-11T05:40:04.131Z] <<< [apiv2][status] GET https://firebase.googleapis.com/v1beta1/projects 401
[debug] [2025-12-11T05:40:04.131Z] <<< [apiv2][body] GET https://firebase.googleapis.com/v1beta1/projects [omitted]
[debug] [2025-12-11T05:40:04.132Z] HTTP Error: 401, Request had invalid authentication credentials. Expected OAuth 2 access token, login cookie or other valid authentication credential. See https://developers.google.com/identity/sign-in/web/devconsole-project.
[debug] [2025-12-11T05:40:04.326Z] FirebaseError: HTTP Error: 401, Request had invalid authentication credentials. Expected OAuth 2 access token, login cookie or other valid authentication credential. See https://developers.google.com/identity/sign-in/web/devconsole-project.
    at responseToError (C:\Users\HP\AppData\Roaming\npm\node_modules\firebase-tools\lib\responseToError.js:49:12)
    at RetryOperation._fn (C:\Users\HP\AppData\Roaming\npm\node_modules\firebase-tools\lib\apiv2.js:305:77)
    at process.processTicksAndRejections (node:internal/process/task_queues:105:5)
[error] 
[error] Error: Failed to list Firebase projects. See firebase-debug.log for more info.
